This file contains any messages produced by compilers while
running configure, to aid debugging if configure makes a mistake.

It was created by configure, which was
generated by GNU Autoconf 2.69.  Invocation command line was

  $ ./configure 

## --------- ##
## Platform. ##
## --------- ##

hostname = c-cube
uname -m = x86_64
uname -r = 4.4.16
uname -s = Linux
uname -v = #1-NixOS SMP Wed Jul 27 16:48:30 UTC 2016

/usr/bin/uname -p = unknown
/bin/uname -X     = unknown

/bin/arch              = unknown
/usr/bin/arch -k       = unknown
/usr/convex/getsysinfo = unknown
/usr/bin/hostinfo      = unknown
/bin/machine           = unknown
/usr/bin/oslevel       = unknown
/bin/universe          = unknown

PATH: /home/bin
PATH: /nix/store/5slyaz4f2w1gd4gs7q082j5q207mdzgx-less-483/bin
PATH: /nix/store/1w4fv7rwkg5bva7bw33jszylyzh50dpx-git-2.9.2/bin
PATH: /nix/store/xgkwir457653s63la74626d3zgr775id-mercurial-3.8.2/bin
PATH: /nix/store/7ix9gavh8jb26p103s2jnhq943b5vprb-fish-2.3.1/bin
PATH: /nix/store/6bhbayla65y0f0wr3f8zv77w4srwvgpb-hub-2.2.3/bin
PATH: /nix/store/2rwyk4dpshi2aha7r4b43cy53lhwyzl1-util-linux-2.28-bin/bin
PATH: /nix/store/wj5p8q6ip7bsyaxgxx0gfw2adajv99mx-bc-1.06/bin
PATH: /nix/store/cs79m7g52zj8wckk0i6m47n6h3ig3x0n-man-db-2.7.5/bin
PATH: /nix/store/bya5qj82n2hm025vc7ca8frprgx455sj-nano-2.6.2/bin
PATH: /nix/store/mqmx0l6aczc62w8pcaa172mdwjirgaqk-openssh-7.3p1/bin
PATH: /nix/store/zbw50cbm0mrl6rxyg9c1nax594m4l8iv-cabal-bounds-1.0.2/bin
PATH: /nix/store/80l17ncv7bqf5vh58fz4qyl3cxrcvppr-vim_configurable-7.4.826/bin
PATH: /nix/store/a159a2zwz090p9cnjdvzz8sfmj1yraxx-ghc-mod-5.6.0.0/bin
PATH: /nix/store/jp57qijvjlzimbfwsv9p4mkg5qfnpqcy-cabal-install-1.24.0.0/bin
PATH: /nix/store/8vvqm2h49imidr6pk308id6vxrcw2igd-patchutils-0.3.3/bin
PATH: /nix/store/dfh9fj1jsyjfp80f1mqr96hbrr83zbj5-hscolour-1.24.1/bin
PATH: /nix/store/xlqafmhfnzwg0c77ns8m41k2vn1frqz3-perl-5.22.2/bin
PATH: /nix/store/z2azcly0zx0ifbd0jjndsri21sy6c8bh-time-1.7/bin
PATH: /nix/store/06j5n7aqzi366mlf87s7shp09zwgdjf6-perf-linux-4.4.16/bin
PATH: /nix/store/i6fd636m1bhycna4a0d2paxv060c5h6w-hlint-1.9.35/bin
PATH: /nix/store/sj47b78dax624pr5dwfqnkvq23adg9mn-profiteur-0.3.0.2/bin
PATH: /nix/store/rwrmj20pbcb5kwm2h31dl338k4s1gchr-gdb-7.11.1/bin
PATH: /nix/store/zd4jxcablghpaawqw80v591gik1krwhq-gettext-0.19.8/bin
PATH: /nix/store/n7zqv6ba1i7a04dly08vyxi60ksfm1kn-bazaar-2.7.0/bin
PATH: /nix/store/890fkbjn636cyaqz82gkcvlxgyys79d9-rustfmt-0.4/bin
PATH: /nix/store/92f4a07q8vv2hybjgwvjqwv5b8s5sagj-go1.6-the_platinum_searcher-2.1.3-bin/bin
PATH: /nix/store/mm9pjhi7ddh2ppvjrzwcwrxdjjblzz4s-autoconf-2.69/bin
PATH: /nix/store/hxqs1cy0xz50dk84kbvqyz44dqjrkhc7-automake-1.14.1/bin
PATH: /nix/store/zwbfwxkbjgg6hd25y99fmj3vdsy626qp-pkg-config-0.29/bin
PATH: /nix/store/nsfys3xxnsjaz14ys5rxc6vimsqwm8dm-ghc-8.0.1/bin
PATH: /nix/store/hjvfan8yh9jr3psc411ch2qbfqp4r28c-patchelf-0.9/bin
PATH: /nix/store/a4jvn2qdi5yq10j5787453643np56g1v-paxctl-0.9/bin
PATH: /nix/store/4mhq8ic8wk46wpwjyghap1x7xfdk2rj3-gcc-wrapper-5.4.0/bin
PATH: /nix/store/haqh3hshg8w1779xgyzr4pk9q706ra30-gcc-5.4.0/bin
PATH: /nix/store/lfvkcv5kvcpjlmsxcn9nv0lhcg5h2zyp-binutils-2.26.1/bin
PATH: /nix/store/8w237mb2mkrvlkfw5zcrnpccay9fxsgy-glibc-2.23-bin/bin
PATH: /nix/store/07axizqswlwc819xcd8dk2m1q0ylddmh-coreutils-8.25/bin
PATH: /nix/store/07axizqswlwc819xcd8dk2m1q0ylddmh-coreutils-8.25/bin
PATH: /nix/store/x1fgkrdv4khzxv0alf7q2dp0xnp2y8x7-findutils-4.6.0/bin
PATH: /nix/store/2d4zrci8z1r58j8k6hqcasydns13wn1j-diffutils-3.3/bin
PATH: /nix/store/8ga3jbvr2q2jy9g27b9iy8c746nr20q4-gnused-4.2.2/bin
PATH: /nix/store/6nh1pgzsrf71xx2gy5x61czhwgd0b55y-gnugrep-2.25/bin
PATH: /nix/store/q6bxcxwpk6l2fji2r4adfx6l9xiy0jxb-gawk-4.1.3/bin
PATH: /nix/store/4pf2msnk22h2np97ysgiflslmqanzy1h-gnutar-1.29/bin
PATH: /nix/store/cs2ql9isnyyv14k9bdflyb1vfy00bfbi-gzip-1.8/bin
PATH: /nix/store/l394iy0q4lxjn716xyqppbh2v9fq58s1-bzip2-1.0.6.0.1-bin/bin
PATH: /nix/store/5ypfn4kd8518d0qs094zk3bq8ma0gyzj-gnumake-4.2.1/bin
PATH: /nix/store/d44582rghk696yw704sh5nbvbpnm69iv-bash-4.3-p42/bin
PATH: /nix/store/drxcwvbihqja8iiymf4074jlxj35ynqd-patch-2.7.5/bin
PATH: /nix/store/ldhfgrh8anmhn9b5zii3dds46b906pax-xz-5.2.2-bin/bin


## ----------- ##
## Core tests. ##
## ----------- ##

configure:2754: checking build system type
configure:2768: result: x86_64-unknown-linux-gnu
configure:2788: checking host system type
configure:2801: result: x86_64-unknown-linux-gnu
configure:2879: checking for gcc
configure:2906: result: gcc
configure:3135: checking for C compiler version
configure:3144: gcc --version >&5
gcc (GCC) 5.4.0
Copyright (C) 2015 Free Software Foundation, Inc.
This is free software; see the source for copying conditions.  There is NO
warranty; not even for MERCHANTABILITY or FITNESS FOR A PARTICULAR PURPOSE.

+ eval '$CC --version >&5'
++ gcc --version
configure:3155: $? = 0
configure:3144: gcc -v >&5
+ eval '$CC -v >&5'
++ gcc -v
Using built-in specs.
COLLECT_GCC=/nix/store/haqh3hshg8w1779xgyzr4pk9q706ra30-gcc-5.4.0/bin/gcc
COLLECT_LTO_WRAPPER=/nix/store/haqh3hshg8w1779xgyzr4pk9q706ra30-gcc-5.4.0/libexec/gcc/x86_64-unknown-linux-gnu/5.4.0/lto-wrapper
Target: x86_64-unknown-linux-gnu
Configured with: 
Thread model: posix
gcc version 5.4.0 (GCC) 
configure:3155: $? = 0
configure:3144: gcc -V >&5
+ eval '$CC -V >&5'
++ gcc -V
gcc: error: unrecognized command line option '-V'
gcc: fatal error: no input files
compilation terminated.
configure:3155: $? = 1
configure:3144: gcc -qversion >&5
+ eval '$CC -qversion >&5'
++ gcc -qversion
gcc: error: unrecognized command line option '-qversion'
gcc: fatal error: no input files
compilation terminated.
configure:3155: $? = 1
configure:3175: checking whether the C compiler works
configure:3197: gcc    conftest.c  >&5
+ eval '$CC $CFLAGS $CPPFLAGS $LDFLAGS conftest.$ac_ext $LIBS >&5'
++ gcc conftest.c
configure:3201: $? = 0
configure:3249: result: yes
configure:3252: checking for C compiler default output file name
configure:3254: result: a.out
configure:3260: checking for suffix of executables
configure:3267: gcc -o conftest    conftest.c  >&5
+ eval '$CC -o conftest$ac_exeext $CFLAGS $CPPFLAGS $LDFLAGS conftest.$ac_ext $LIBS >&5'
++ gcc -o conftest conftest.c
configure:3271: $? = 0
configure:3293: result: 
configure:3315: checking whether we are cross compiling
configure:3323: gcc -o conftest    conftest.c  >&5
+ eval '$CC -o conftest$ac_exeext $CFLAGS $CPPFLAGS $LDFLAGS conftest.$ac_ext $LIBS >&5'
++ gcc -o conftest conftest.c
configure:3327: $? = 0
configure:3334: ./conftest
+ eval './conftest$ac_cv_exeext'
++ ./conftest
configure:3338: $? = 0
configure:3353: result: no
configure:3358: checking for suffix of object files
configure:3380: gcc -c   conftest.c >&5
+ eval '$CC -c $CFLAGS $CPPFLAGS conftest.$ac_ext >&5'
++ gcc -c conftest.c
configure:3384: $? = 0
configure:3405: result: o
configure:3409: checking whether we are using the GNU C compiler
configure:3428: gcc -c   conftest.c >&5
configure:3428: $? = 0
configure:3437: result: yes
configure:3446: checking whether gcc accepts -g
configure:3466: gcc -c -g  conftest.c >&5
configure:3466: $? = 0
configure:3507: result: yes
configure:3524: checking for gcc option to accept ISO C89
configure:3587: gcc  -c -g -O2  conftest.c >&5
configure:3587: $? = 0
configure:3600: result: none needed
configure:3732: checking for C++ compiler version
configure:3741: g++ --version >&5
g++ (GCC) 5.4.0
Copyright (C) 2015 Free Software Foundation, Inc.
This is free software; see the source for copying conditions.  There is NO
warranty; not even for MERCHANTABILITY or FITNESS FOR A PARTICULAR PURPOSE.

+ eval '$CXX --version >&5'
++ g++ --version
configure:3752: $? = 0
configure:3741: g++ -v >&5
+ eval '$CXX -v >&5'
++ g++ -v
Using built-in specs.
COLLECT_GCC=/nix/store/haqh3hshg8w1779xgyzr4pk9q706ra30-gcc-5.4.0/bin/g++
COLLECT_LTO_WRAPPER=/nix/store/haqh3hshg8w1779xgyzr4pk9q706ra30-gcc-5.4.0/libexec/gcc/x86_64-unknown-linux-gnu/5.4.0/lto-wrapper
Target: x86_64-unknown-linux-gnu
Configured with: 
Thread model: posix
gcc version 5.4.0 (GCC) 
configure:3752: $? = 0
configure:3741: g++ -V >&5
+ eval '$CXX -V >&5'
++ g++ -V
g++: error: unrecognized command line option '-V'
g++: fatal error: no input files
compilation terminated.
configure:3752: $? = 1
configure:3741: g++ -qversion >&5
+ eval '$CXX -qversion >&5'
++ g++ -qversion
g++: error: unrecognized command line option '-qversion'
g++: fatal error: no input files
compilation terminated.
configure:3752: $? = 1
configure:3756: checking whether we are using the GNU C++ compiler
configure:3775: g++ -c   conftest.cpp >&5
configure:3775: $? = 0
configure:3784: result: yes
configure:3793: checking whether g++ accepts -g
configure:3813: g++ -c -g  conftest.cpp >&5
configure:3813: $? = 0
configure:3854: result: yes
configure:3891: checking for a BSD-compatible install
configure:3959: result: /nix/store/07axizqswlwc819xcd8dk2m1q0ylddmh-coreutils-8.25/bin/install -c
configure:3977: checking how to run the C preprocessor
configure:4008: gcc -E  conftest.c
configure:4008: $? = 0
configure:4022: gcc -E  conftest.c
conftest.c:9:28: fatal error: ac_nonexistent.h: No such file or directory
compilation terminated.
configure:4022: $? = 1
configure: failed program was:
| /* confdefs.h */
| #define PACKAGE_NAME ""
| #define PACKAGE_TARNAME ""
| #define PACKAGE_VERSION ""
| #define PACKAGE_STRING ""
| #define PACKAGE_BUGREPORT ""
| #define PACKAGE_URL ""
| /* end confdefs.h.  */
| #include <ac_nonexistent.h>
configure:4047: result: gcc -E
configure:4067: gcc -E  conftest.c
configure:4067: $? = 0
configure:4081: gcc -E  conftest.c
conftest.c:9:28: fatal error: ac_nonexistent.h: No such file or directory
compilation terminated.
configure:4081: $? = 1
configure: failed program was:
| /* confdefs.h */
| #define PACKAGE_NAME ""
| #define PACKAGE_TARNAME ""
| #define PACKAGE_VERSION ""
| #define PACKAGE_STRING ""
| #define PACKAGE_BUGREPORT ""
| #define PACKAGE_URL ""
| /* end confdefs.h.  */
| #include <ac_nonexistent.h>
configure:4110: checking for grep that handles long lines and -e
configure:4168: result: /nix/store/6nh1pgzsrf71xx2gy5x61czhwgd0b55y-gnugrep-2.25/bin/grep
configure:4173: checking for egrep
configure:4235: result: /nix/store/6nh1pgzsrf71xx2gy5x61czhwgd0b55y-gnugrep-2.25/bin/grep -E
configure:4240: checking for ANSI C header files
configure:4260: gcc -c -g -O2  conftest.c >&5
configure:4260: $? = 0
+ eval '$CPP $CPPFLAGS conftest.c'
++ gcc -E conftest.c
+ eval '$CPP $CPPFLAGS conftest.c'
++ gcc -E conftest.c
configure:4333: gcc -o conftest -g -O2   conftest.c  >&5
+ eval '$CC -o conftest$ac_exeext $CFLAGS $CPPFLAGS $LDFLAGS conftest.$ac_ext $LIBS >&5'
++ gcc -o conftest -g -O2 conftest.c
configure:4333: $? = 0
configure:4333: ./conftest
+ eval './conftest$ac_exeext'
++ ./conftest
configure:4333: $? = 0
configure:4344: result: yes
configure:4357: checking for sys/types.h
configure:4357: gcc -c -g -O2  conftest.c >&5
configure:4357: $? = 0
configure:4357: result: yes
configure:4357: checking for sys/stat.h
configure:4357: gcc -c -g -O2  conftest.c >&5
configure:4357: $? = 0
configure:4357: result: yes
configure:4357: checking for stdlib.h
configure:4357: gcc -c -g -O2  conftest.c >&5
configure:4357: $? = 0
configure:4357: result: yes
configure:4357: checking for string.h
configure:4357: gcc -c -g -O2  conftest.c >&5
configure:4357: $? = 0
configure:4357: result: yes
configure:4357: checking for memory.h
configure:4357: gcc -c -g -O2  conftest.c >&5
configure:4357: $? = 0
configure:4357: result: yes
configure:4357: checking for strings.h
configure:4357: gcc -c -g -O2  conftest.c >&5
configure:4357: $? = 0
configure:4357: result: yes
configure:4357: checking for inttypes.h
configure:4357: gcc -c -g -O2  conftest.c >&5
configure:4357: $? = 0
configure:4357: result: yes
configure:4357: checking for stdint.h
configure:4357: gcc -c -g -O2  conftest.c >&5
configure:4357: $? = 0
configure:4357: result: yes
configure:4357: checking for unistd.h
configure:4357: gcc -c -g -O2  conftest.c >&5
configure:4357: $? = 0
configure:4357: result: yes
configure:4370: checking minix/config.h usability
configure:4370: gcc -c -g -O2  conftest.c >&5
conftest.c:52:26: fatal error: minix/config.h: No such file or directory
compilation terminated.
configure:4370: $? = 1
configure: failed program was:
| /* confdefs.h */
| #define PACKAGE_NAME ""
| #define PACKAGE_TARNAME ""
| #define PACKAGE_VERSION ""
| #define PACKAGE_STRING ""
| #define PACKAGE_BUGREPORT ""
| #define PACKAGE_URL ""
| #define STDC_HEADERS 1
| #define HAVE_SYS_TYPES_H 1
| #define HAVE_SYS_STAT_H 1
| #define HAVE_STDLIB_H 1
| #define HAVE_STRING_H 1
| #define HAVE_MEMORY_H 1
| #define HAVE_STRINGS_H 1
| #define HAVE_INTTYPES_H 1
| #define HAVE_STDINT_H 1
| #define HAVE_UNISTD_H 1
| /* end confdefs.h.  */
| #include <stdio.h>
| #ifdef HAVE_SYS_TYPES_H
| # include <sys/types.h>
| #endif
| #ifdef HAVE_SYS_STAT_H
| # include <sys/stat.h>
| #endif
| #ifdef STDC_HEADERS
| # include <stdlib.h>
| # include <stddef.h>
| #else
| # ifdef HAVE_STDLIB_H
| #  include <stdlib.h>
| # endif
| #endif
| #ifdef HAVE_STRING_H
| # if !defined STDC_HEADERS && defined HAVE_MEMORY_H
| #  include <memory.h>
| # endif
| # include <string.h>
| #endif
| #ifdef HAVE_STRINGS_H
| # include <strings.h>
| #endif
| #ifdef HAVE_INTTYPES_H
| # include <inttypes.h>
| #endif
| #ifdef HAVE_STDINT_H
| # include <stdint.h>
| #endif
| #ifdef HAVE_UNISTD_H
| # include <unistd.h>
| #endif
| #include <minix/config.h>
configure:4370: result: no
configure:4370: checking minix/config.h presence
configure:4370: gcc -E  conftest.c
conftest.c:19:26: fatal error: minix/config.h: No such file or directory
compilation terminated.
configure:4370: $? = 1
configure: failed program was:
| /* confdefs.h */
| #define PACKAGE_NAME ""
| #define PACKAGE_TARNAME ""
| #define PACKAGE_VERSION ""
| #define PACKAGE_STRING ""
| #define PACKAGE_BUGREPORT ""
| #define PACKAGE_URL ""
| #define STDC_HEADERS 1
| #define HAVE_SYS_TYPES_H 1
| #define HAVE_SYS_STAT_H 1
| #define HAVE_STDLIB_H 1
| #define HAVE_STRING_H 1
| #define HAVE_MEMORY_H 1
| #define HAVE_STRINGS_H 1
| #define HAVE_INTTYPES_H 1
| #define HAVE_STDINT_H 1
| #define HAVE_UNISTD_H 1
| /* end confdefs.h.  */
| #include <minix/config.h>
configure:4370: result: no
configure:4370: checking for minix/config.h
configure:4370: result: no
configure:4391: checking whether it is safe to define __EXTENSIONS__
configure:4409: gcc -c -g -O2  conftest.c >&5
configure:4409: $? = 0
configure:4416: result: yes
configure:4432: checking for library containing strerror
configure:4463: gcc -o conftest -g -O2   conftest.c  >&5
configure:4463: $? = 0
configure:4480: result: none required
configure:4497: checking for working libsupc++
configure:4515: gcc -o conftest -g -O2   conftest.cpp  -lsupc++ >&5
configure:4515: $? = 0
configure:4516: result: ok
configure:4548: g++ -c -g -O3 -fno-rtti -fvisibility-inlines-hidden -fno-threadsafe-statics -fno-enforce-eh-specs  conftest.cpp >&5
configure:4548: $? = 0
configure:4560: checking for library containing setlocale
configure:4591: g++ -o conftest -g -O3 -fno-rtti -fvisibility-inlines-hidden -fno-threadsafe-statics -fno-enforce-eh-specs   conftest.cpp  -lsupc++ >&5

## ---------------- ##
## Cache variables. ##
## ---------------- ##

ac_cv_build=x86_64-unknown-linux-gnu
ac_cv_c_compiler_gnu=yes
ac_cv_cxx_compiler_gnu=yes
ac_cv_env_CCC_set=
ac_cv_env_CCC_value=
ac_cv_env_CC_set=set
ac_cv_env_CC_value=gcc
ac_cv_env_CFLAGS_set=
ac_cv_env_CFLAGS_value=
ac_cv_env_CPPFLAGS_set=
ac_cv_env_CPPFLAGS_value=
ac_cv_env_CPP_set=
ac_cv_env_CPP_value=
ac_cv_env_CXXCPP_set=
ac_cv_env_CXXCPP_value=
ac_cv_env_CXXFLAGS_set=
ac_cv_env_CXXFLAGS_value=
ac_cv_env_CXX_set=set
ac_cv_env_CXX_value=g++
ac_cv_env_LDFLAGS_set=
ac_cv_env_LDFLAGS_value=
ac_cv_env_LIBS_set=
ac_cv_env_LIBS_value=
ac_cv_env_XMKMF_set=
ac_cv_env_XMKMF_value=
ac_cv_env_build_alias_set=
ac_cv_env_build_alias_value=
ac_cv_env_host_alias_set=
ac_cv_env_host_alias_value=
ac_cv_env_target_alias_set=
ac_cv_env_target_alias_value=
ac_cv_header_inttypes_h=yes
ac_cv_header_memory_h=yes
ac_cv_header_minix_config_h=no
ac_cv_header_stdc=yes
ac_cv_header_stdint_h=yes
ac_cv_header_stdlib_h=yes
ac_cv_header_string_h=yes
ac_cv_header_strings_h=yes
ac_cv_header_sys_stat_h=yes
ac_cv_header_sys_types_h=yes
ac_cv_header_unistd_h=yes
ac_cv_host=x86_64-unknown-linux-gnu
ac_cv_objext=o
ac_cv_path_EGREP='/nix/store/6nh1pgzsrf71xx2gy5x61czhwgd0b55y-gnugrep-2.25/bin/grep -E'
ac_cv_path_GREP=/nix/store/6nh1pgzsrf71xx2gy5x61czhwgd0b55y-gnugrep-2.25/bin/grep
ac_cv_path_install='/nix/store/07axizqswlwc819xcd8dk2m1q0ylddmh-coreutils-8.25/bin/install -c'
ac_cv_prog_CPP='gcc -E'
ac_cv_prog_ac_ct_CC=gcc
ac_cv_prog_cc_c89=
ac_cv_prog_cc_g=yes
ac_cv_prog_cxx_g=yes
ac_cv_safe_to_define___extensions__=yes
ac_cv_search_strerror='none required'

## ----------------- ##
## Output variables. ##
## ----------------- ##

CC='gcc'
CFLAGS='-g -O3 -fno-rtti -fvisibility-inlines-hidden -fno-threadsafe-statics -fno-enforce-eh-specs'
CPP='gcc -E'
CPPFLAGS=''
CXX='g++'
CXXCPP=''
CXXFLAGS='-g -O3 -fno-rtti -fvisibility-inlines-hidden -fno-threadsafe-statics -fno-enforce-eh-specs'
DATE='2016-01-23'
DEFS=''
ECHO_C=''
ECHO_N='-n'
ECHO_T=''
EGREP='/nix/store/6nh1pgzsrf71xx2gy5x61czhwgd0b55y-gnugrep-2.25/bin/grep -E'
EXEEXT=''
GREP='/nix/store/6nh1pgzsrf71xx2gy5x61czhwgd0b55y-gnugrep-2.25/bin/grep'
IF_PERL=''
INSTALL_DATA='${INSTALL} -m 644'
INSTALL_PROGRAM='${INSTALL}'
INSTALL_SCRIPT='${INSTALL}'
LDFLAGS=''
LIBOBJS=''
LIBS=' -lsupc++'
LINKER='gcc'
LTLIBOBJS=''
OBJEXT='o'
PACKAGE_BUGREPORT=''
PACKAGE_NAME=''
PACKAGE_STRING=''
PACKAGE_TARNAME=''
PACKAGE_URL=''
PACKAGE_VERSION=''
PATH_SEPARATOR=':'
PERL=''
PERLFLAGS=''
PERLLIB=''
PERLPRIVLIBEXP=''
PERL_O=''
PIXBUF_CFLAGS=''
PIXBUF_LIBS=''
PKG_CONFIG=''
RXVTNAME=''
SHELL='/nix/store/d44582rghk696yw704sh5nbvbpnm69iv-bash-4.3-p42/bin/bash'
STARTUP_NOTIFICATION_CFLAGS=''
STARTUP_NOTIFICATION_LIBS=''
TIC=''
VERSION='9.22'
XFT_CONFIG=''
XMKMF=''
X_CFLAGS=''
X_EXTRA_LIBS=''
X_LIBS=''
X_PRE_LIBS=''
ac_ct_CC='gcc'
ac_ct_CXX=''
bindir='${exec_prefix}/bin'
build='x86_64-unknown-linux-gnu'
build_alias=''
build_cpu='x86_64'
build_os='linux-gnu'
build_vendor='unknown'
datadir='${datarootdir}'
datarootdir='${prefix}/share'
docdir='${datarootdir}/doc/${PACKAGE}'
dvidir='${docdir}'
exec_prefix='NONE'
host='x86_64-unknown-linux-gnu'
host_alias=''
host_cpu='x86_64'
host_os='linux-gnu'
host_vendor='unknown'
htmldir='${docdir}'
includedir='${prefix}/include'
infodir='${datarootdir}/info'
libdir='${exec_prefix}/lib'
libexecdir='${exec_prefix}/libexec'
localedir='${datarootdir}/locale'
localstatedir='${prefix}/var'
mandir='${datarootdir}/man'
oldincludedir='/usr/include'
pdfdir='${docdir}'
prefix='NONE'
program_transform_name='s,x,x,'
psdir='${docdir}'
sbindir='${exec_prefix}/sbin'
sharedstatedir='${prefix}/com'
sysconfdir='${prefix}/etc'
target_alias=''

## ----------- ##
## confdefs.h. ##
## ----------- ##

/* confdefs.h */
#define PACKAGE_NAME ""
#define PACKAGE_TARNAME ""
#define PACKAGE_VERSION ""
#define PACKAGE_STRING ""
#define PACKAGE_BUGREPORT ""
#define PACKAGE_URL ""
#define STDC_HEADERS 1
#define HAVE_SYS_TYPES_H 1
#define HAVE_SYS_STAT_H 1
#define HAVE_STDLIB_H 1
#define HAVE_STRING_H 1
#define HAVE_MEMORY_H 1
#define HAVE_STRINGS_H 1
#define HAVE_INTTYPES_H 1
#define HAVE_STDINT_H 1
#define HAVE_UNISTD_H 1
#define __EXTENSIONS__ 1
#define _ALL_SOURCE 1
#define _GNU_SOURCE 1
#define _POSIX_PTHREAD_SEMANTICS 1
#define _TANDEM_SOURCE 1

configure: caught signal 2
configure: exit 1
